<!-- Test access checker config -->

<!-- Can be inside any root -->
<root>

  <!-- This is the level passed to the constructor -->
  <access>

    <!-- User group definitions -->
    <groups>

       <group id="users">
         <!-- Users identified by name pattern -->
	 <user name="*@foo.com"/>
       </group>

       <group id="managers">
         <user name="boss@foo.com"/>
       </group>

       <group id="bad">
         <user name="badboy@foo.com"/>
       </group>

    </groups>

    <!-- Access to various resources -->
    <resources>

      <!-- Make 'public' public -->
      <resource name="public" default="allow"/>

      <!-- 'basic' open to all users, except bad ones -->
      <resource name="basic">
        <allow group="users"/>
	<deny group="bad"/>
      </resource>

      <!-- 'private' blocked to everyone -->
      <resource name="private"/>

      <!-- Other than that, managers get everything -->
      <resource name="*">
        <allow group="managers"/>
      </resource>

      <!-- Note: Absent resources are also blocked -->
    </resources>

  </access>

</root>
